  main.cpp
C:\Users\ghayd\Desktop\SSU 2nd Semester\Data Structures\lab-03\include\array_list.h(284,39): warning C4018: '<': signed/unsigned mismatch
C:\Users\ghayd\Desktop\SSU 2nd Semester\Data Structures\lab-03\include\array_list.h(281): message : while compiling class template member function 'int ssuds::ArrayList<int>::remove_all(const T,bool)'
          with
          [
              T=int
          ]
C:\Users\ghayd\Desktop\SSU 2nd Semester\Data Structures\lab-03\src\main.cpp(41): message : see reference to function template instantiation 'int ssuds::ArrayList<int>::remove_all(const T,bool)' being compiled
          with
          [
              T=int
          ]
C:\Users\ghayd\Desktop\SSU 2nd Semester\Data Structures\lab-03\src\main.cpp(13): message : see reference to class template instantiation 'ssuds::ArrayList<int>' being compiled
C:\Users\ghayd\Desktop\SSU 2nd Semester\Data Structures\lab-03\include\array_list.h(259,14): warning C4018: '>=': signed/unsigned mismatch
C:\Users\ghayd\Desktop\SSU 2nd Semester\Data Structures\lab-03\include\array_list.h(258): message : while compiling class template member function 'T ssuds::ArrayList<T>::remove(int,bool)'
          with
          [
              T=int
          ]
C:\Users\ghayd\Desktop\SSU 2nd Semester\Data Structures\lab-03\src\main.cpp(54): message : see reference to function template instantiation 'T ssuds::ArrayList<T>::remove(int,bool)' being compiled
          with
          [
              T=int
          ]
C:\Users\ghayd\Desktop\SSU 2nd Semester\Data Structures\lab-03\include\array_list.h(266,26): warning C4018: '<': signed/unsigned mismatch
C:\Users\ghayd\Desktop\SSU 2nd Semester\Data Structures\lab-03\include\array_list.h(242,14): warning C4018: '>': signed/unsigned mismatch
C:\Users\ghayd\Desktop\SSU 2nd Semester\Data Structures\lab-03\include\array_list.h(241): message : while compiling class template member function 'void ssuds::ArrayList<int>::insert(T,int)'
          with
          [
              T=int
          ]
C:\Users\ghayd\Desktop\SSU 2nd Semester\Data Structures\lab-03\src\main.cpp(34): message : see reference to function template instantiation 'void ssuds::ArrayList<int>::insert(T,int)' being compiled
          with
          [
              T=int
          ]
C:\Users\ghayd\Desktop\SSU 2nd Semester\Data Structures\lab-03\include\array_list.h(166,22): warning C4018: '<': signed/unsigned mismatch
C:\Users\ghayd\Desktop\SSU 2nd Semester\Data Structures\lab-03\include\array_list.h(164): message : while compiling class template member function 'std::ostream &ssuds::operator <<(std::ostream &,const ssuds::ArrayList<int> &)'
C:\Users\ghayd\Desktop\SSU 2nd Semester\Data Structures\lab-03\src\main.cpp(16): message : see reference to function template instantiation 'std::ostream &ssuds::operator <<(std::ostream &,const ssuds::ArrayList<int> &)' being compiled
C:\Users\ghayd\Desktop\SSU 2nd Semester\Data Structures\lab-03\include\array_list.h(169,11): warning C4018: '<': signed/unsigned mismatch
C:\Users\ghayd\Desktop\SSU 2nd Semester\Data Structures\lab-03\include\array_list.h(106,1): warning C4267: '=': conversion from 'size_t' to 'unsigned int', possible loss of data
C:\Users\ghayd\Desktop\SSU 2nd Semester\Data Structures\lab-03\include\array_list.h(104): message : while compiling class template member function 'ssuds::ArrayList<int>::ArrayList(const std::initializer_list<_Ty> &)'
          with
          [
              _Ty=int
          ]
C:\Users\ghayd\Desktop\SSU 2nd Semester\Data Structures\lab-03\src\main.cpp(97): message : see reference to function template instantiation 'ssuds::ArrayList<int>::ArrayList(const std::initializer_list<_Ty> &)' being compiled
          with
          [
              _Ty=int
          ]
C:\Users\ghayd\Desktop\SSU 2nd Semester\Data Structures\lab-03\include\array_list.h(328,24): warning C4018: '<': signed/unsigned mismatch
C:\Users\ghayd\Desktop\SSU 2nd Semester\Data Structures\lab-03\include\array_list.h(315): message : while compiling class template member function 'void ssuds::ArrayList<float>::grow(void)'
C:\Users\ghayd\Desktop\SSU 2nd Semester\Data Structures\lab-03\include\array_list.h(204): message : see reference to function template instantiation 'void ssuds::ArrayList<float>::grow(void)' being compiled
C:\Users\ghayd\Desktop\SSU 2nd Semester\Data Structures\lab-03\src\main.cpp(110): message : see reference to class template instantiation 'ssuds::ArrayList<float>' being compiled
C:\Users\ghayd\Desktop\SSU 2nd Semester\Data Structures\lab-03\include\array_list.h(354,23): warning C4018: '<': signed/unsigned mismatch
C:\Users\ghayd\Desktop\SSU 2nd Semester\Data Structures\lab-03\include\array_list.h(347): message : while compiling class template member function 'void ssuds::ArrayList<int>::shrink(void)'
C:\Users\ghayd\Desktop\SSU 2nd Semester\Data Structures\lab-03\include\array_list.h(297): message : see reference to function template instantiation 'void ssuds::ArrayList<int>::shrink(void)' being compiled
C:\Users\ghayd\Desktop\SSU 2nd Semester\Data Structures\lab-03\include\array_list.h(220,20): warning C4018: '>=': signed/unsigned mismatch
C:\Users\ghayd\Desktop\SSU 2nd Semester\Data Structures\lab-03\include\array_list.h(219): message : while compiling class template member function 'int ssuds::ArrayList<int>::find(const T,int) const'
          with
          [
              T=int
          ]
C:\Users\ghayd\Desktop\SSU 2nd Semester\Data Structures\lab-03\include\array_list.h(287): message : see reference to function template instantiation 'int ssuds::ArrayList<int>::find(const T,int) const' being compiled
          with
          [
              T=int
          ]
C:\Users\ghayd\Desktop\SSU 2nd Semester\Data Structures\lab-03\include\array_list.h(223,32): warning C4018: '<': signed/unsigned mismatch
  Generating code
  321 of 342 functions (93.9%) were compiled, the rest were copied from previous compilation.
    206 functions were new in current compilation
    5 functions had inline decision re-evaluated but remain unchanged
  Finished generating code
  lab-03.vcxproj -> C:\Users\ghayd\Desktop\SSU 2nd Semester\Data Structures\lab-03\build\x64\Release\lab-03.exe
